  ButtonManager.cpp
D:\Usuarios\Lucian\Uni\2020-2021\Primer Semestre\SEV\Entrega Juego Personal C++ FE\FE_v1\FE_v1\ButtonManager.cpp(14,50): warning C4244: 'argumento': conversión de 'float' a 'int'; posible pérdida de datos
D:\Usuarios\Lucian\Uni\2020-2021\Primer Semestre\SEV\Entrega Juego Personal C++ FE\FE_v1\FE_v1\ButtonManager.cpp(16,50): warning C4244: 'argumento': conversión de 'float' a 'int'; posible pérdida de datos
D:\Usuarios\Lucian\Uni\2020-2021\Primer Semestre\SEV\Entrega Juego Personal C++ FE\FE_v1\FE_v1\ButtonManager.cpp(24,34): warning C4244: '=': conversión de 'float' a 'int'; posible pérdida de datos
D:\Usuarios\Lucian\Uni\2020-2021\Primer Semestre\SEV\Entrega Juego Personal C++ FE\FE_v1\FE_v1\ButtonManager.cpp(30,32): warning C4244: '=': conversión de 'float' a 'int'; posible pérdida de datos
D:\Usuarios\Lucian\Uni\2020-2021\Primer Semestre\SEV\Entrega Juego Personal C++ FE\FE_v1\FE_v1\ButtonManager.cpp(39,61): warning C4244: 'argumento': conversión de 'float' a 'int'; posible pérdida de datos
D:\Usuarios\Lucian\Uni\2020-2021\Primer Semestre\SEV\Entrega Juego Personal C++ FE\FE_v1\FE_v1\ButtonManager.cpp(39,52): warning C4244: 'argumento': conversión de 'float' a 'int'; posible pérdida de datos
D:\Usuarios\Lucian\Uni\2020-2021\Primer Semestre\SEV\Entrega Juego Personal C++ FE\FE_v1\FE_v1\ButtonManager.cpp(44,70): warning C4244: 'argumento': conversión de 'float' a 'int'; posible pérdida de datos
D:\Usuarios\Lucian\Uni\2020-2021\Primer Semestre\SEV\Entrega Juego Personal C++ FE\FE_v1\FE_v1\ButtonManager.cpp(44,61): warning C4244: 'argumento': conversión de 'float' a 'int'; posible pérdida de datos
D:\Usuarios\Lucian\Uni\2020-2021\Primer Semestre\SEV\Entrega Juego Personal C++ FE\FE_v1\FE_v1\ButtonManager.cpp(59,23): warning C4305: '=': truncamiento de 'double' a 'float'
D:\Usuarios\Lucian\Uni\2020-2021\Primer Semestre\SEV\Entrega Juego Personal C++ FE\FE_v1\FE_v1\ButtonManager.cpp(63,24): warning C4305: '+=': truncamiento de 'double' a 'float'
  Game.cpp
  GameLayer.cpp
D:\Usuarios\Lucian\Uni\2020-2021\Primer Semestre\SEV\Entrega Juego Personal C++ FE\FE_v1\FE_v1\GameLayer.cpp(20,77): warning C4305: 'argumento': truncamiento de 'double' a 'float'
D:\Usuarios\Lucian\Uni\2020-2021\Primer Semestre\SEV\Entrega Juego Personal C++ FE\FE_v1\FE_v1\GameLayer.cpp(82,16): warning C4244: 'inicializando': conversión de 'Sint32' a 'float'; posible pérdida de datos
D:\Usuarios\Lucian\Uni\2020-2021\Primer Semestre\SEV\Entrega Juego Personal C++ FE\FE_v1\FE_v1\GameLayer.cpp(83,16): warning C4244: 'inicializando': conversión de 'Sint32' a 'float'; posible pérdida de datos
D:\Usuarios\Lucian\Uni\2020-2021\Primer Semestre\SEV\Entrega Juego Personal C++ FE\FE_v1\FE_v1\GameLayer.cpp(111,13): warning C4244: 'inicializando': conversión de 'int' a 'float'; posible pérdida de datos
D:\Usuarios\Lucian\Uni\2020-2021\Primer Semestre\SEV\Entrega Juego Personal C++ FE\FE_v1\FE_v1\GameLayer.cpp(112,13): warning C4244: 'inicializando': conversión de 'int' a 'float'; posible pérdida de datos
D:\Usuarios\Lucian\Uni\2020-2021\Primer Semestre\SEV\Entrega Juego Personal C++ FE\FE_v1\FE_v1\GameLayer.cpp(211,10): warning C4244: 'inicializando': conversión de 'int' a 'float'; posible pérdida de datos
D:\Usuarios\Lucian\Uni\2020-2021\Primer Semestre\SEV\Entrega Juego Personal C++ FE\FE_v1\FE_v1\GameLayer.cpp(212,10): warning C4244: 'inicializando': conversión de 'int' a 'float'; posible pérdida de datos
D:\Usuarios\Lucian\Uni\2020-2021\Primer Semestre\SEV\Entrega Juego Personal C++ FE\FE_v1\FE_v1\GameLayer.cpp(243,10): warning C4244: 'inicializando': conversión de 'int' a 'float'; posible pérdida de datos
D:\Usuarios\Lucian\Uni\2020-2021\Primer Semestre\SEV\Entrega Juego Personal C++ FE\FE_v1\FE_v1\GameLayer.cpp(244,10): warning C4244: 'inicializando': conversión de 'int' a 'float'; posible pérdida de datos
D:\Usuarios\Lucian\Uni\2020-2021\Primer Semestre\SEV\Entrega Juego Personal C++ FE\FE_v1\FE_v1\GameLayer.cpp(292,65): warning C4244: 'argumento': conversión de 'float' a 'int'; posible pérdida de datos
D:\Usuarios\Lucian\Uni\2020-2021\Primer Semestre\SEV\Entrega Juego Personal C++ FE\FE_v1\FE_v1\GameLayer.cpp(292,56): warning C4244: 'argumento': conversión de 'float' a 'int'; posible pérdida de datos
  MapManager.cpp
D:\Usuarios\Lucian\Uni\2020-2021\Primer Semestre\SEV\Entrega Juego Personal C++ FE\FE_v1\FE_v1\MapManager.cpp(127,44): warning C4244: '=': conversión de 'float' a 'int'; posible pérdida de datos
D:\Usuarios\Lucian\Uni\2020-2021\Primer Semestre\SEV\Entrega Juego Personal C++ FE\FE_v1\FE_v1\MapManager.cpp(128,26): warning C4244: '=': conversión de 'float' a 'int'; posible pérdida de datos
D:\Usuarios\Lucian\Uni\2020-2021\Primer Semestre\SEV\Entrega Juego Personal C++ FE\FE_v1\FE_v1\MapManager.cpp(162,13): warning C4244: 'inicializando': conversión de 'float' a 'int'; posible pérdida de datos
D:\Usuarios\Lucian\Uni\2020-2021\Primer Semestre\SEV\Entrega Juego Personal C++ FE\FE_v1\FE_v1\MapManager.cpp(163,13): warning C4244: 'inicializando': conversión de 'float' a 'int'; posible pérdida de datos
D:\Usuarios\Lucian\Uni\2020-2021\Primer Semestre\SEV\Entrega Juego Personal C++ FE\FE_v1\FE_v1\MapManager.cpp(211,86): warning C4244: 'argumento': conversión de 'float' a 'int'; posible pérdida de datos
D:\Usuarios\Lucian\Uni\2020-2021\Primer Semestre\SEV\Entrega Juego Personal C++ FE\FE_v1\FE_v1\MapManager.cpp(220,12): warning C4018: '<': no coinciden signed/unsigned
D:\Usuarios\Lucian\Uni\2020-2021\Primer Semestre\SEV\Entrega Juego Personal C++ FE\FE_v1\FE_v1\MapManager.cpp(225,86): warning C4244: 'argumento': conversión de 'float' a 'int'; posible pérdida de datos
D:\Usuarios\Lucian\Uni\2020-2021\Primer Semestre\SEV\Entrega Juego Personal C++ FE\FE_v1\FE_v1\MapManager.cpp(239,86): warning C4244: 'argumento': conversión de 'float' a 'int'; posible pérdida de datos
D:\Usuarios\Lucian\Uni\2020-2021\Primer Semestre\SEV\Entrega Juego Personal C++ FE\FE_v1\FE_v1\MapManager.cpp(248,12): warning C4018: '<': no coinciden signed/unsigned
D:\Usuarios\Lucian\Uni\2020-2021\Primer Semestre\SEV\Entrega Juego Personal C++ FE\FE_v1\FE_v1\MapManager.cpp(253,86): warning C4244: 'argumento': conversión de 'float' a 'int'; posible pérdida de datos
D:\Usuarios\Lucian\Uni\2020-2021\Primer Semestre\SEV\Entrega Juego Personal C++ FE\FE_v1\FE_v1\MapManager.cpp(269,12): warning C4018: '<': no coinciden signed/unsigned
D:\Usuarios\Lucian\Uni\2020-2021\Primer Semestre\SEV\Entrega Juego Personal C++ FE\FE_v1\FE_v1\MapManager.cpp(274,91): warning C4244: 'argumento': conversión de 'float' a 'int'; posible pérdida de datos
D:\Usuarios\Lucian\Uni\2020-2021\Primer Semestre\SEV\Entrega Juego Personal C++ FE\FE_v1\FE_v1\MapManager.cpp(283,12): warning C4018: '<': no coinciden signed/unsigned
D:\Usuarios\Lucian\Uni\2020-2021\Primer Semestre\SEV\Entrega Juego Personal C++ FE\FE_v1\FE_v1\MapManager.cpp(288,91): warning C4244: 'argumento': conversión de 'float' a 'int'; posible pérdida de datos
D:\Usuarios\Lucian\Uni\2020-2021\Primer Semestre\SEV\Entrega Juego Personal C++ FE\FE_v1\FE_v1\MapManager.cpp(302,91): warning C4244: 'argumento': conversión de 'float' a 'int'; posible pérdida de datos
  Generando código...
  FE_v1.vcxproj -> D:\Usuarios\Lucian\Uni\2020-2021\Primer Semestre\SEV\Entrega Juego Personal C++ FE\FE_v1\Debug\FE_v1.exe
